<?xml version="1.0" encoding="UTF-8"?>
<!-- Generated by org.testng.reporters.JUnitReportReporter -->
<testsuite skipped="0" hostname="LAPTOP-SIJK158T" name="testcases.OrderComplete" tests="1" failures="0" timestamp="2020-12-28T20:27:51 EST" time="19.750" errors="0">
  <testcase name="MyAccount" time="19.750" classname="testcases.OrderComplete"/>
  <system-out/>
</testsuite> <!-- testcases.OrderComplete -->
