<?xml version="1.0" encoding="UTF-8"?>
<!-- Generated by org.testng.reporters.JUnitReportReporter -->
<testsuite skipped="0" hostname="LAPTOP-SIJK158T" name="testcases.VerifyLogin" tests="1" failures="0" timestamp="2020-12-28T20:22:31 EST" time="4.307" errors="0">
  <testcase name="verifyLogin" time="4.307" classname="testcases.VerifyLogin"/>
  <system-out/>
</testsuite> <!-- testcases.VerifyLogin -->
