<?xml version="1.0" encoding="UTF-8"?>
<!-- Generated by org.testng.reporters.JUnitReportReporter -->
<testsuite skipped="0" hostname="LAPTOP-SIJK158T" name="testcases.Myaccount" tests="1" failures="0" timestamp="05 Jan 2021 00:07:20 GMT" time="3.765" errors="0">
  <testcase name="MyAccount" time="3.765" classname="testcases.Myaccount"/>
</testsuite> <!-- testcases.Myaccount -->
